--- Configuration ---
data:
  root_dir: ./data
  cover_dataset: CIFAR10
  secret_type: binary
  image_folder_cover: null
  image_folder_secret: null
  image_size: 64
  num_workers: 4
model:
  prep_out_channels: 32
  hide_in_channels: 35
  reveal_out_channels: 1
  rotation_invariant: true
training:
  batch_size: 32
  epochs: 2
  lr: 0.0001
  lam_hide: 0.75
  lam_reveal: 1.0
  checkpoint_dir: ./outputs/checkpoints/rotation_invariant
  checkpoint_freq: 1
  val_freq: 1
  device: auto
  wandb:
    enabled: true
    project: deep-steganography-final
    entity: null
    run_name: null
evaluation:
  batch_size: 32
  metrics:
  - psnr
  - ssim
  - lpips
  - bit_acc
embed:
  checkpoint_path: ./outputs/checkpoints/rotation_invariant/best_checkpoint.pth

---------------------
--- Running Rotation Experiment ---
Using device: cuda
Using CIFAR10: 50000 train, 10000 val images.
Evaluating on 10000 samples from validation set.
Loaded checkpoint from ./outputs/checkpoints/rotation_invariant/best_checkpoint.pth, resuming from epoch 2
--- Rotation Experiment Results ---

Rotation Angle: 0 degrees
  Average PSNR: 22.1799
  Average SSIM: 0.7083
  Average BIT_ACC: 1.0000

Rotation Angle: 90 degrees
  Average PSNR: 22.1799
  Average SSIM: 0.7083
  Average BIT_ACC: 0.5000

Rotation Angle: 180 degrees
  Average PSNR: 22.1799
  Average SSIM: 0.7083
  Average BIT_ACC: 0.5000

Rotation Angle: 270 degrees
  Average PSNR: 22.1799
  Average SSIM: 0.7083
  Average BIT_ACC: 0.5000

Saved aggregated results to outputs/checkpoints/experiments/rotation_experiment_best_checkpoint.csv
